<?xml version="1.0" encoding="UTF-8"?>
<!-- Generated by org.testng.reporters.JUnitReportReporter -->
<testsuite hostname="DESKTOP-VC786S5" failures="0" tests="1" name="testCases.TC001_AccountRegistrationTest" time="9.062" errors="0" timestamp="2025-07-30T01:15:07 IST" skipped="0">
  <testcase classname="testCases.TC001_AccountRegistrationTest" name="verify_account_registration" time="9.062"/>
</testsuite> <!-- testCases.TC001_AccountRegistrationTest -->
